<?xml version="1.0" encoding="UTF-8"?>
<!-- Generated by org.testng.reporters.JUnitXMLReporter -->
<testsuite ignored="0" hostname="DESKTOP-VP5D76K" failures="0" tests="5" name="Test" time="0.051" errors="0" timestamp="2020-03-14T22:10:08 IST">
  <testcase classname="qaclickacademy.AppiumTest" name="IOSApps" time="0.007"/>
  <testcase classname="qaclickacademy.AppiumTest" name="NativeAppAndroid" time="0.0"/>
  <testcase classname="qaclickacademy.SeleniumTest" name="elementsUI" time="0.0"/>
  <testcase classname="qaclickacademy.RestAPITest" name="deleteTwitter" time="0.0"/>
  <testcase classname="qaclickacademy.RestAPITest" name="postJira" time="0.0"/>
</testsuite> <!-- Test -->
