<?xml version="1.0" encoding="UTF-8"?>
<!-- Generated by org.testng.reporters.JUnitXMLReporter -->
<testsuite ignored="0" hostname="DESKTOP-VP5D76K" failures="0" tests="6" name="Test" time="0.037" errors="0" timestamp="2020-03-16T19:47:01 IST">
  <testcase classname="qaclickacademy.RestAPITest" name="deleteTwitter" time="0.003"/>
  <testcase classname="qaclickacademy.RestAPITest" name="postJira" time="0.0"/>
  <testcase classname="qaclickacademy.SeleniumTest" name="BrowserAutomation" time="0.0"/>
  <testcase classname="qaclickacademy.SeleniumTest" name="elementsUI" time="0.0"/>
  <testcase classname="qaclickacademy.AppiumTest" name="IOSApps" time="0.001"/>
  <testcase classname="qaclickacademy.AppiumTest" name="NativeAppAndroid" time="0.0"/>
</testsuite> <!-- Test -->
