<?xml version="1.0" encoding="UTF-8"?>
<testng-results ignored="0" total="6" passed="6" failed="0" skipped="0">
  <reporter-output>
  </reporter-output>
  <suite started-at="2020-03-16T19:47:01 IST" name="Suite" finished-at="2020-03-16T19:47:01 IST" duration-ms="37">
    <groups>
    </groups>
    <test started-at="2020-03-16T19:47:01 IST" name="Test" finished-at="2020-03-16T19:47:01 IST" duration-ms="37">
      <class name="qaclickacademy.AppiumTest">
        <test-method signature="IOSApps()[pri:0, instance:qaclickacademy.AppiumTest@2133814f]" started-at="2020-03-16T19:47:01 IST" name="IOSApps" finished-at="2020-03-16T19:47:01 IST" duration-ms="1" status="PASS">
          <reporter-output>
          </reporter-output>
        </test-method> <!-- IOSApps -->
        <test-method signature="NativeAppAndroid()[pri:0, instance:qaclickacademy.AppiumTest@2133814f]" started-at="2020-03-16T19:47:01 IST" name="NativeAppAndroid" finished-at="2020-03-16T19:47:01 IST" duration-ms="0" status="PASS">
          <reporter-output>
          </reporter-output>
        </test-method> <!-- NativeAppAndroid -->
      </class> <!-- qaclickacademy.AppiumTest -->
      <class name="qaclickacademy.RestAPITest">
        <test-method signature="deleteTwitter()[pri:0, instance:qaclickacademy.RestAPITest@f8c1ddd]" started-at="2020-03-16T19:47:01 IST" name="deleteTwitter" finished-at="2020-03-16T19:47:01 IST" duration-ms="3" status="PASS">
          <reporter-output>
          </reporter-output>
        </test-method> <!-- deleteTwitter -->
        <test-method signature="postJira()[pri:0, instance:qaclickacademy.RestAPITest@f8c1ddd]" started-at="2020-03-16T19:47:01 IST" name="postJira" finished-at="2020-03-16T19:47:01 IST" duration-ms="0" status="PASS">
          <reporter-output>
          </reporter-output>
        </test-method> <!-- postJira -->
      </class> <!-- qaclickacademy.RestAPITest -->
      <class name="qaclickacademy.SeleniumTest">
        <test-method signature="BrowserAutomation()[pri:0, instance:qaclickacademy.SeleniumTest@70be0a2b]" started-at="2020-03-16T19:47:01 IST" name="BrowserAutomation" finished-at="2020-03-16T19:47:01 IST" duration-ms="0" status="PASS">
          <reporter-output>
          </reporter-output>
        </test-method> <!-- BrowserAutomation -->
        <test-method signature="elementsUI()[pri:0, instance:qaclickacademy.SeleniumTest@70be0a2b]" started-at="2020-03-16T19:47:01 IST" name="elementsUI" finished-at="2020-03-16T19:47:01 IST" duration-ms="0" status="PASS">
          <reporter-output>
          </reporter-output>
        </test-method> <!-- elementsUI -->
      </class> <!-- qaclickacademy.SeleniumTest -->
    </test> <!-- Test -->
  </suite> <!-- Suite -->
</testng-results>
