<?xml version="1.0" encoding="UTF-8"?>
<testng-results ignored="0" total="5" passed="5" failed="0" skipped="0">
  <reporter-output>
  </reporter-output>
  <suite started-at="2020-03-14T22:10:08 IST" name="Suite" finished-at="2020-03-14T22:10:08 IST" duration-ms="51">
    <groups>
    </groups>
    <test started-at="2020-03-14T22:10:08 IST" name="Test" finished-at="2020-03-14T22:10:08 IST" duration-ms="51">
      <class name="qaclickacademy.AppiumTest">
        <test-method signature="IOSApps()[pri:0, instance:qaclickacademy.AppiumTest@4b5d6a01]" started-at="2020-03-14T22:10:08 IST" name="IOSApps" finished-at="2020-03-14T22:10:08 IST" duration-ms="7" status="PASS">
          <reporter-output>
          </reporter-output>
        </test-method> <!-- IOSApps -->
        <test-method signature="NativeAppAndroid()[pri:0, instance:qaclickacademy.AppiumTest@4b5d6a01]" started-at="2020-03-14T22:10:08 IST" name="NativeAppAndroid" finished-at="2020-03-14T22:10:08 IST" duration-ms="0" status="PASS">
          <reporter-output>
          </reporter-output>
        </test-method> <!-- NativeAppAndroid -->
      </class> <!-- qaclickacademy.AppiumTest -->
      <class name="qaclickacademy.RestAPITest">
        <test-method signature="deleteTwitter()[pri:0, instance:qaclickacademy.RestAPITest@3c419631]" started-at="2020-03-14T22:10:08 IST" name="deleteTwitter" finished-at="2020-03-14T22:10:08 IST" duration-ms="0" status="PASS">
          <reporter-output>
          </reporter-output>
        </test-method> <!-- deleteTwitter -->
        <test-method signature="postJira()[pri:0, instance:qaclickacademy.RestAPITest@3c419631]" started-at="2020-03-14T22:10:08 IST" name="postJira" finished-at="2020-03-14T22:10:08 IST" duration-ms="0" status="PASS">
          <reporter-output>
          </reporter-output>
        </test-method> <!-- postJira -->
      </class> <!-- qaclickacademy.RestAPITest -->
      <class name="qaclickacademy.SeleniumTest">
        <test-method signature="elementsUI()[pri:0, instance:qaclickacademy.SeleniumTest@4a22f9e2]" started-at="2020-03-14T22:10:08 IST" name="elementsUI" finished-at="2020-03-14T22:10:08 IST" duration-ms="0" status="PASS">
          <reporter-output>
          </reporter-output>
        </test-method> <!-- elementsUI -->
      </class> <!-- qaclickacademy.SeleniumTest -->
    </test> <!-- Test -->
  </suite> <!-- Suite -->
</testng-results>
